\BOOKMARK [1][-]{section.1}{\376\377\137\025\212\000}{}% 1
\BOOKMARK [1][-]{section.2}{\376\377\166\370\121\163\135\345\117\134}{}% 2
\BOOKMARK [2][-]{subsection.2.1}{\376\377\127\372\116\216\137\072\123\026\133\146\116\140\166\204\000L\000L\000M\137\256\214\003}{section.2}% 3
\BOOKMARK [2][-]{subsection.2.2}{\376\377\211\304\122\031\123\315\231\210\116\016\123\357\232\214\213\301\131\126\122\261}{section.2}% 4
\BOOKMARK [2][-]{subsection.2.3}{\376\377\131\032\166\356\150\007\116\016\131\032\176\364\133\371\237\120}{section.2}% 5
\BOOKMARK [1][-]{section.3}{\376\377\145\271\154\325}{}% 6
\BOOKMARK [2][-]{subsection.3.1}{\376\377\000G\000R\000P\000O\127\372\170\100\150\106\147\266}{section.3}% 7
\BOOKMARK [2][-]{subsection.3.2}{\376\377\211\304\122\031\123\315\231\210\213\276\213\241}{section.3}% 8
\BOOKMARK [2][-]{subsection.3.3}{\376\377\000M\000S\000F\000-\000G\000R\000P\000O\377\032\131\032\156\220\123\315\231\210\207\215\124\010}{section.3}% 9
\BOOKMARK [3][-]{subsubsection.3.3.1}{\376\377\000A\000I\123\315\231\210}{subsection.3.3}% 10
\BOOKMARK [3][-]{subsubsection.3.3.2}{\376\377\150\007\221\317\123\315\231\210}{subsection.3.3}% 11
\BOOKMARK [3][-]{subsubsection.3.3.3}{\376\377\201\352\220\002\136\224\207\215\124\010}{subsection.3.3}% 12
\BOOKMARK [1][-]{section.4}{\376\377\133\236\232\214}{}% 13
\BOOKMARK [2][-]{subsection.4.1}{\376\377\133\236\232\214\213\276\177\156}{section.4}% 14
\BOOKMARK [3][-]{subsubsection.4.1.1}{\376\377\127\372\170\100\152\041\127\213}{subsection.4.1}% 15
\BOOKMARK [3][-]{subsubsection.4.1.2}{\376\377\145\160\143\156\226\306}{subsection.4.1}% 16
\BOOKMARK [3][-]{subsubsection.4.1.3}{\376\377\213\255\176\303\221\115\177\156}{subsection.4.1}% 17
\BOOKMARK [3][-]{subsubsection.4.1.4}{\376\377\213\304\155\113\143\007\150\007}{subsection.4.1}% 18
\BOOKMARK [2][-]{subsection.4.2}{\376\377\000R\000Q\0001\377\032\000G\000R\000P\000O\166\204\147\011\145\110\140\047}{section.4}% 19
\BOOKMARK [2][-]{subsection.4.3}{\376\377\000R\000Q\0002\377\032\213\255\176\303\221\115\177\156\166\204\137\161\124\315}{section.4}% 20
\BOOKMARK [3][-]{subsubsection.4.3.1}{\376\377\121\150\221\317\137\256\214\003\000\040\000v\000s\000\040\000L\000o\000R\000A}{subsection.4.3}% 21
\BOOKMARK [3][-]{subsubsection.4.3.2}{\376\377\145\160\143\156\211\304\152\041}{subsection.4.3}% 22
\BOOKMARK [2][-]{subsection.4.4}{\376\377\000R\000Q\0003\377\032\131\032\156\220\123\315\231\210\207\215\124\010\166\204\145\110\147\234}{section.4}% 23
\BOOKMARK [3][-]{subsubsection.4.4.1}{\376\377\123\237\126\340\122\006\147\220}{subsection.4.4}% 24
\BOOKMARK [2][-]{subsection.4.5}{\376\377\213\250\213\272}{section.4}% 25
\BOOKMARK [3][-]{subsubsection.4.5.1}{\376\377\000G\000R\000P\000O\127\050\145\160\133\146\143\250\164\006\116\012\166\204\117\030\122\277}{subsection.4.5}% 26
\BOOKMARK [3][-]{subsubsection.4.5.2}{\376\377\131\032\156\220\123\315\231\210\166\204\220\002\165\050\127\072\146\157}{subsection.4.5}% 27
\BOOKMARK [3][-]{subsubsection.4.5.3}{\376\377\134\100\226\120\140\047}{subsection.4.5}% 28
\BOOKMARK [1][-]{section.5}{\376\377\176\323\213\272}{}% 29
